  Camera.cpp
  mesh.cpp
mesh.cpp(47): warning C4267: 'argument' : conversion from 'size_t' to 'GLenum', possible loss of data
mesh.cpp(50): warning C4267: 'argument' : conversion from 'size_t' to 'int', possible loss of data
mesh.cpp(55): warning C4267: 'argument' : conversion from 'size_t' to 'int', possible loss of data
mesh.cpp(68): warning C4267: 'argument' : conversion from 'size_t' to 'GLsizei', possible loss of data
  eyeball.cpp
  imageplane.cpp
imageplane.cpp(55): warning C4267: 'argument' : conversion from 'size_t' to 'GLsizei', possible loss of data
imageplane.cpp(100): warning C4267: 'argument' : conversion from 'size_t' to 'GLsizei', possible loss of data
  main.cpp
main.cpp(114): warning C4244: 'initializing' : conversion from 'double' to 'float', possible loss of data
  model.cpp
model.cpp(67): warning C4267: 'argument' : conversion from 'size_t' to 'unsigned int', possible loss of data
  raysphere.cpp
C:\Program Files (x86)\Microsoft Visual Studio 12.0\VC\include\utility(157): warning C4244: 'initializing' : conversion from 'int' to 'float', possible loss of data
          raysphere.cpp(62) : see reference to function template instantiation 'std::pair<float,glm::vec3>::pair<int,glm::tvec3<float,0>,void>(std::pair<int,glm::tvec3<float,0>> &&)' being compiled
          raysphere.cpp(62) : see reference to function template instantiation 'std::pair<float,glm::vec3>::pair<int,glm::tvec3<float,0>,void>(std::pair<int,glm::tvec3<float,0>> &&)' being compiled
  renderer.cpp
renderer.cpp(29): warning C4267: 'argument' : conversion from 'size_t' to 'int', possible loss of data
renderer.cpp(71): warning C4244: '=' : conversion from 'double' to 'float', possible loss of data
renderer.cpp(72): warning C4244: '=' : conversion from 'double' to 'float', possible loss of data
renderer.cpp(76): warning C4244: 'initializing' : conversion from 'double' to 'float', possible loss of data
renderer.cpp(77): warning C4244: 'initializing' : conversion from 'double' to 'float', possible loss of data
renderer.cpp(79): warning C4244: '=' : conversion from 'double' to 'float', possible loss of data
renderer.cpp(80): warning C4244: '=' : conversion from 'double' to 'float', possible loss of data
renderer.cpp(87): warning C4244: 'argument' : conversion from 'double' to 'float', possible loss of data
  shader.cpp
  stb_image.cpp
  textloading.cpp
  glad.c
  Generating code
  Finished generating code
  artificial_eye.vcxproj -> D:\Development\artificial_eye\x64\Release\artificial_eye.exe
