d:\development\artificial_eye\artificial_eye\x64\debug\vc141.pdb
d:\development\artificial_eye\artificial_eye\x64\debug\vc141.idb
d:\development\artificial_eye\artificial_eye\x64\debug\camera.obj
d:\development\artificial_eye\artificial_eye\x64\debug\mesh.obj
d:\development\artificial_eye\artificial_eye\x64\debug\eyeball.obj
d:\development\artificial_eye\artificial_eye\x64\debug\imageplane.obj
d:\development\artificial_eye\artificial_eye\x64\debug\lodepng.obj
d:\development\artificial_eye\artificial_eye\x64\debug\main.obj
d:\development\artificial_eye\artificial_eye\x64\debug\model.obj
d:\development\artificial_eye\artificial_eye\x64\debug\raysphere.obj
d:\development\artificial_eye\artificial_eye\x64\debug\renderer.obj
d:\development\artificial_eye\artificial_eye\x64\debug\shader.obj
d:\development\artificial_eye\artificial_eye\x64\debug\stb_image.obj
d:\development\artificial_eye\artificial_eye\x64\debug\textloading.obj
d:\development\artificial_eye\artificial_eye\x64\debug\glad.obj
d:\development\artificial_eye\x64\debug\artificial_eye.ilk
d:\development\artificial_eye\x64\debug\artificial_eye.exe
d:\development\artificial_eye\x64\debug\artificial_eye.pdb
d:\development\artificial_eye\artificial_eye\x64\debug\artificial_eye.tlog\cl.command.1.tlog
d:\development\artificial_eye\artificial_eye\x64\debug\artificial_eye.tlog\cl.read.1.tlog
d:\development\artificial_eye\artificial_eye\x64\debug\artificial_eye.tlog\cl.write.1.tlog
d:\development\artificial_eye\artificial_eye\x64\debug\artificial_eye.tlog\link.command.1.tlog
d:\development\artificial_eye\artificial_eye\x64\debug\artificial_eye.tlog\link.read.1.tlog
d:\development\artificial_eye\artificial_eye\x64\debug\artificial_eye.tlog\link.write.1.tlog
